[   0.000000] Initializing cgroup subsys cpuset
[    0.000000] Initializing cgroup subsys cpu
[    0.000000] Initializing cgroup subsys cpuacct
[    0.000000] Linux version 4.4.0-104-generic (buildd@lgw01-amd64-027) (gcc version 5.4.0 20160609 (Ubuntu 5.4.0-6ubuntu1~16.04.5) ) #127-Ubuntu SMP Mon Dec 11 12:16:50 UTC 2017 (Ubuntu 4.4.0-104.127-generic 4.4.98)
[    0.000000] KERNEL supported cpus:
[    0.000000]   Intel GenuineIntel
[    0.000000]   AMD AuthenticAMD
[    0.000000]   NSC Geode by NSC
[    0.000000]   Cyrix CyrixInstea
[    0.000000]   Centaur CentaurHauls
[    0.000000]   Transmeta GenuineTMx86
[    0.000000]   Transmeta TransmetaCPU
[    0.000000]   UMC UMC UMC UMC
[    0.000000] x86/fpu: Legacy x87 FPU detected.
[    0.000000] x86/fpu: Using 'lazy' FPU context switches.
[    0.000000] e820: BIOS-provided physical RAM map:
[    0.000000] BIOS-e820: [mem 0x0000000000000000-0x000000000009fbff] usable
[    0.000000] BIOS-e820: [mem 0x000000000009fc00-0x000000000009ffff] reserved
[    0.000000] BIOS-e820: [mem 0x00000000000f0000-0x00000000000fffff] reserved
[    0.000000] BIOS-e820: [mem 0x0000000000100000-0x000000003ffeffff] usable
[    0.000000] BIOS-e820: [mem 0x000000003fff0000-0x000000003fffffff] ACPI data
[    0.000000] BIOS-e820: [mem 0x00000000fffc0000-0x00000000ffffffff] reserved
[    0.000000] NX (Execute Disable) protection: ative
[    0.000000] SMBIOS 2.5 present.
[    0.000000] Hypervisor detected: KVM
[    0.000000] e820: last_pfn = 0x3fff0 max_arch_pfn = 0x1000000
[    0.000000] MTRR: Disabled
[    0.000000] x86/PAT: MTRRs disabled, skipping PAT initialization too.
[    0.000000] CPU MTRRs all blank - virtualized system.
[    0.000000] x86/PAT: Configuration [0-7]: WB  WT  UC- UC  WB  WT  UC- UC  
[    0.000000] found SMP MP-tabe at [mem 0x0009fff0-0x0009ffff] mapped at [c009fff0]
[    0.000000] Scanning 1 areas for low memory corruption
[    0.000000] RAMDISK: [mem 0x36af2000-0x37570fff]
[    0.000000] ACPI: Early table checksum verification disabled
[    0.000000] ACPI: RSDP 0x00000000000E0000 000024 (v02 VBOX  )
[    0.000000] ACPI: XSDT 0x000000003FFF0030 00003C (v01 VBOX   VBOXXSDT 00000001 ASL  00000061)
[    0.000000] ACPI: FACP 0x000000003FFF00F0 0000F4 (v04 VBOX   VBOXFACP 00000001 ASL  00000061)
[    0.000000] ACPI: DSDT 0x000000003FFF0470 001CEB (v01 VBOX   VBOXBIOS 00000002 INTL 21100528)
[    0.000000] ACPI: FACS 0x000000003FFF0200 000040
[    0.000000] ACPI: FACS 0x000000003FFF0200 000040
[    0.000000] ACPI: APIC 0x000000003FFF0240 00005C (v02 VBOX   VBOXAPIC 00000001 ASL  00000061)
[    0.000000] ACPI: SSDT 0x000000003FFF02A0 0001CC (v01 VBOX   VBOXCPUT 0000002 INTL 20100528)
[    0.000000] 131MB HIGHMEM available.
[    0.000000] 891MB LOWMEM available.
[    0.000000]   mapped low ram: 0 - 37bfe000
[    0.000000]   low ram: 0 - 37bfe00
[    0.000000] kvm-clock: Using msrs 4b564d01 and 4b564d00
[    0.000000] kvm-clock: cpu 0, msr 0:37bfd001, primary cpu clock
[    0.000000] kvm-clock: using sched offset of 4215211769 cycles
[    0.000000] clocksource: kvm-clock: mask: 0xffffffffffffffff max_cycles: 0x1cd42e4dffb, max_idle_ns: 881590591483 ns
[    0.000000] Zone ranges:
[    0.000000]   DMA      [mem 0x0000000000001000-0x0000000000ffffff]
[    0.000000]   Normal   [mem 0x0000000001000000-0x0000000037bfdfff]
[    0.000000]   HighMem  [mem 0x0000000037bfe000-0x000000003ffeffff]
[    0.000000] Movable zone start for each node
[    0.000000] Early memory node ranges
[    0.000000]   node   0: [mem 0x0000000000001000-0x000000000009efff]
[    0.000000]   node   0: [mem 0x0000000000100000-0x000000003ffeffff]
[    0.000000] Initmem setup node 0 [mem 0x0000000000001000-0x000000003ffeffff]
[    0.000000] Using APIC driver default
[    0.000000] ACPI: PM-Timer IO Port: 0x4008
[    0.000000] IOAPIC[0]: apic_id 2, version 17, address 0xfec00000, GSI 0-23
[    0.000000] ACPI: INT_SRC_OVR (bus 0 bus_irq 0 global_irq 2 dfl dfl)
[    0.000000] ACPI: INT_SRC_OVR (bus 0 bus_irq 9 global_irq 9 high level)
[    0.000000] Using ACPI (MADT) for SMP configuration information
[    0.000000] smpboot: Allowing 2 CPUs, 0 hotplug CPUs
[    0.000000] PM: Registered nosave memory: [mem 0x00000000-0x00000fff]
[    0.000000] PM: Registered nosave memory: [mem 0x0009f000-0x0009ffff]
[    0.000000] PM: Registered nosave memory: [mem 0x000a0000-0x000effff]
[    0.000000] PM: Registered nosave memory: [mem 0x000f0000-0x000fffff]
[    0.000000] e820: [mem 0x40000000-0xfffbffff] available for PCI devices
[    0.000000] Booting paravirtualized kernel on KVM
[    0.000000] clocksource: refined-jiffies: mask: 0xffffffff max_cycles: 0xffffffff, max_idle_ns: 7645519600211568 ns
[    0.000000] setup_percpu: NR_CPUS:8 nr_cpumask_bits:8 nr_cpu_ids:2 nr_node_ids:1
[    0.000000] PERCPU: Embedded 19 pages/cpu @f76b0000 s47308 r0 d30516 u77824
[    0.000000] PV qspinlock hash table entries: 512 (order: 0, 4096 bytes)
[    0.000000] Built 1 zonelists in Zone order, mobility grouping on.  Total pages: 259800
[    0.000000] Kernel command line: BOOT_IMAGE=/boot/vmlinuz-4.4.0-104-generic root=LABEL=cloudimg-rootfs ro console=tty1 console=ttyS0
[    0.000000] PID hash table entries: 4096 (order: 2, 16384 bytes)
[    0.000000] Dentry cache hash table entries: 131072 (order: 7, 524288 bytes)
[    0.000000] Inode-cache hash table entries: 65536 (order: 6, 262144 bytes)
[    0.000000] Initializing CPU#0
[    0.000000] Initializing HighMem for node 0 (00037bfe:0003fff0)
[    0.000000] Initializing Movable for node 0 (00000000:00000000)
[    0.000000] Memory: 1012180K/1048120K available (7970K kernel code, 767K rwdata, 3168K rodata, 940K init, 800K bss, 35940K reserved, 0K cma-reserved, 135112K highmem)
[    0.000000] virtual kernel memory layout:
[    0.000000]     fixmap  : 0xfff15000 - 0xfffff000   ( 936 kB)
[    0.000000]     pkmap   : 0xffc00000 - 0xffe00000   (2048 kB)
[    0.000000]     vmalloc : 0xf83fe000 - 0xffbfe000   ( 120 MB)
[    0.000000]     lowmem  : 0xc0000000 - 0xf7bfe000   ( 891 MB)
[    0.000000]       .init : 0xc1ba3000 - 0xc1c8e000   ( 940 kB)
[    0.000000]       .data : 0xc17c8bed - 0xc1ba1fc0   (3940 kB)
[    0.000000]       .text : 0xc1000000 - 0x17c8bed   (7970 kB)
[    0.000000] Checking if this processor honours thhe WP bit even in supervisor mode...Ok.
[    0.000000] SLUB: HWalign=64, Order=0-3, MinObjects=0, CPUs=2, Nodes=1
[    0.000000] Hierarchical RCU implementation.
[    0.000000] 	Build-time adjustment of leaf fanout to 32.
[    0.000000] 	RCU restrictig CPUs from NR_CPUS=8 to nr_cpu_ids=2.
[    0.000000] RCU: Adjusting geometry for rcu_fanout_leaf=32, nr_cpu_ids=2
[    0.000000] NR_IRQS:2304 nr_irqs:440 16
[    0.000000] Console: colour VGA+ 80x25
[    0.000000] console [tty1] enabled
[    0.000000] console [ttyS0] enabled
[    0.000000] allocated 1048576 bytes of page_ext
[    0.000000] tsc: Detected 2364.366 MHz processor
[    0.861007] Calibrating delay loop (skipped) preset value.. 4728.73 BogoMIPS (lpj=9457464)
[    0.865601] pid_max: default: 32768 minimum: 301
[    0.868080] ACPI: Core revision 20150930
[    0.872206] ACPI: 2 ACPI AML tables successfully acquired and loaded
[    0.875720] Security Framework initialized
[    0.878025] Yama: becoming mindful.
[    0.880208] AppArmor: AppArmor initialized
[    0.883070] Mount-cache hash table entries: 2048 (order: 1, 8192 bytes)
[    0.886483] Mountpoint-cache hash table entries: 2048 (order: 1, 8192 bytes)
[    0.890420] Initializing cgroup subsys io
[    0.892644] Initializing cgroup subsys memory
[    0.895237] Initializing cgroup subsys devices
[    0.897742] Initializing cgroup subsys freezer
[    0.900230] Initializing cgroup subsys net_cls
[    0.902655] Initializing cgroup subsys perf_event
[    0.905216] Initializing cgroup subsys net_prio
[    0.907693] Initializing cgroup subsys hugetlb
[    0.910213] Initializing cgroup subsys pids
[    0.912791] CPU: Physical Processor ID: 0
[    0.915108] CPU: Processor Core ID: 0
[    0.917241] mce: CPU supports 0 MCE banks
[    0.919711] Last level iTLB entries: 4KB 128, 2MB 4, 4MB 4
[    0.922604] Last level dTLB entries: 4KB 256, 2MB 0, 4MB 32, 1GB 0
[    0.934633] Freeing SMP alternatives memory: 28K
[    0.957927] ftrace: allocating 31441 entries in 62 pages
[    1.062914] smpboot: APIC(0) Converting physical 0 to logical package 0
[    1.066190] smpboot: Max logical packages: 1
[    1.068689] Enabling APIC mode:  Flat.  Using 1 I/O APICs
[    1.074856] ..TIMER: vector=0x30 apic1=0 pin1=2 apic2=-1 pin2=-1
[    1.185020] smpboot: CPU0: Intel(R) Core(TM)2 Duo CPU     P8600  @ 2.40GHz (family: 0x6, model: 0x17, stepping: 0xa)
[    1.190911] Performance Events: unsupported p6 CPU model 23 no PMU driver, software events only.
[    1.196109] KVM setup paravirtual spinlock
[    1.202545] x86: Booting SMP configuration:
[    1.204953] .... node  #0, CPUs:      #1
[1266874885.494339] Initializing CPU#1
[    1.273886] kvm-clock: cpu 1, msr 0:37bfd041, secondary cpu clock
[    1.354809] mce: CPU supports 0 MCE banks
[    1.406600] x86: Booted up 1 node, 2 CPUs
[    1.409514] smpboot: Total of 2 processors activated (9457.46 BogoMIPS)
[    1.414651] devtmpfs: initialized
[    1.417261] evm: security.selinux
[    1.419247] evm: security.SMACK64
[    1.421344] evm: security.SMACK64EXEC
[    1.423751] evm: security.SMACK64TRANSMUTE
[    1.426411] evm: security.SMACK64MMAP
[    1.428821] evm: security.ima
[    1.430789] evm: security.capability
[    1.433530] clocksource: jiffies: mask: 0xffffffff max_cycles: 0xffffffff, max_idle_ns: 7645041785100000 ns
[    1.438714] futex hash table entries: 512 (order: 3, 32768 bytes)
[    1.442785] pinctrl core: initialized pinctrl subsystem
[    1.445848] RTC time:  2:22:52, date: 01/10/18
[    1.448873] NET: Registered protocol family 16
[    1.451950] EISA bus registered
[    1.466825] cpuidle: using governor ladder
[   1.479524] cpuidle: using governor menu
[    1.542179] PCCT header not found.
[    1.545893] ACPI: bus type PCI registered
[    1.547763] acpiphp: ACPI Hot Plug PCI Controller Driver version: 0.5
[    1.551309] PCI : PCI BIOS area is rw and x. Use pci=nobios if you want it NX.
[    1.554616] PCI: PCI BIOS revision 2.10 entry at 0xfda26, last bus=0
[    1.557147] PCI: Using configuration type 1 for base access
[    1.570655] ACPI: Added _OSI(Module Device)
[    1.573258] ACPI: Added _OSI(Processor Device)
[    1.575694] ACPI: Added _OSI(3.0 _SCP Extensions)
[    1.578210] ACPI: Added _OSI(Processor Aggregator Device)
[    1.582294] ACPI: Executed 1 blocks of module-level executable AML code
[    1.589445] ACPI: Interpreter enabled
[    1.591620] ACPI: (supports S0 S5)
[    1.593618] ACPI: Using IOAPIC for interrupt routing
[    1.596569] PCI: Using host bridge windows from ACPI; if necessary, use "pci=nocrs" and report a bug
[    1.606049] ACPI: PCI Root Bridge [PCI0] (domain 0000 [bus 00-ff])
[    1.609126] acpi PNP0A03:00: _OSC: OS supports [ASPM ClockPM Segments MSI]
[    1.612511] acpi PNP0A03:00: _OSC failed (AE_NOT_FOUND); disabling ASPM
[    1.615743] acpi PNP0A03:00: fail to add MMCONFIG information, can't access extended PCI configuration space under this bridge.
[    1.621937] PCI host bridge to bus 0000:00
[    1.624267] pci_bus 0000:00: root bus resource [io  0x0000-0x0cf7 window]
[    1.627560] pci_bus 0000:00: root bus resource [io  0x0d00-0xffff window]
[    1.630861] pci_bus 0000:00: root bus resource [mem 0x000a0000-0x000bffff window]
[    1.663486] pci_bus 0000:00: root bus resource [mem 0x40000000-0xffdfffff window]
[    1.667657] pci_bus 0000:00: root bus resource [bus 00-ff]
[    1.673739] pci 0000:00:01.1: legacy IDE quirk: reg 0x10: [io  0x01f0-0x01f7]
[    1.677246] pci 0000:00:01.1: legacy IDE quirk: reg 0x14: [io  0x03f6]
[    1.680440] pci 0000:00:01.1: legacy IDE quirk: reg 0x18: [io  0x0170-0x0177]
[    1.683846] pci 0000:00:01.1: legacy IDE quirk: reg 0x1c: [io  0x0376]
[    1.823791] ACPI: PCI Interrupt Link [LNKA] (IRQs 5 9 10 11) *0, disabled.
[    1.833877] ACPI: PCI Interrupt Link [LNKB] (IRQs 5 9 10 *11)
[    1.837453] ACPI: PCI Interrupt Link [LNKC] (IRQs 5 9 *10 11)
[    1.840961] ACPI: PCI Interrupt Link [LNKD] (IRQs 5 *9 10 11)
[    1.844605] ACPI: Enabled 2 GPEs in block 00 to 07
[    1.848319] vgaarb: setting as boot device: PCI:0000:00:02.0
[    1.852886] vgaarb: device added: PCI:0000:00:02.0,decodes=io+mem,owns=io+mem,locks=none
[    1.856677] vgaarb: loaded
[    1.861052] vgaarb: bridge control possible 0000:00:02.0
[    1.864438] SCSI subsystem initialized
[    1.866995] ACPI: bus type USB registered
[    1.868994] usbcore: registered new interface driver usbfs
[    1.871439] usbcore: registered new interface driver hub
[    1.873677] usbcore: registered new device driver usb
[    1.876938] PCI: Using ACPI for IRQ routing
[    1.882365] NetLabel: Initializing
[    1.885628] NetLabel:  domain hash size = 128
[    1.889242] NetLabel:  protocols = UNLABELED CIPSOv4
[    1.891437] NetLabel:  unlabeled traffic allowed by default
[    1.894453] amd_nb: Cannot enumerate AMD northbridges
[    1.931770] clocksource: Switched to clocksource kvm-clock
[    1.986613] AppArmor: AppArmor Filesystem Enabled
[  2.031244] pnp: PnP ACPI init
[    2.127072] pnp: PnP ACPI: found 3 devices
[    2.129306] PnPBIOS: Disabled by ACPI PNP

[  21896] losorc: acpi_pm: mask: 0xffffff max_cycles: 0xffffff, max_idle_ns: 2085701024 ns
[    2.641834] NET: Registered protocol family 2
[    2.644968] TCP established hash table entries: 8192 (order: 3, 32768 bytes)

[    2.648644] TCP bind hash table entries: 8192 (order: 4, 65536 bytes)
[    2.651930] TCP: Hash tables configured (established 8192 bind 8192)
[    2.655138] UDP hash table entries: 512 (order: 2, 16384 bytes)
[    2.658163] UDP-Lite hash table entries: 512 (order: 2, 16384 bytes)
[    2.661469] NET: Registered protocol family 1
[    2.664166] pci 0000:00:00.0: Limiting direct PCI/PCI transfers
[    2.667285] pci 0000:00:01.0: Activating ISA DMA hang workarounds
[    2.673235] Unpacking initramfs...
[    5.195005] Freeing initrd memory: 10748K
[    5.197855] platform rtc_cmos: registered platform RTC device (no PNP device found)
[    5.202104] Scanning for low memory corruption every 60 seconds
[    5.206391] audit: initializing netlink subsy (disabled)
[    5.254571] audit: type=2000 audit(1515550981.233:1): initialized
[    5.260441] Initialise system trusted keyring

[    5.264058] HugeTLB registered 2 MB page size, pre-allocated 0 pages
[    5.272296] zbud: loaded
[    5.274381] VFS: Disk quotas dquot_6.6.0
[    5.276630] VFS: Dquot-cache hash table entries: 1024 (order 0, 4096 bytes)
[    5.279798] squashfs: version 4.0 (2009/01/31) Phillip Lougher
[    5.283062] fuse init (API version 7.23)
[    5.285468] Key type big_key registered
[    5.287705] Allocating IMA MOK and blacklist keyrings.
[    5.295570] Key type asymmetric registered
[    5.297421] Asymmetric key parser 'x509' registered
[    5.299509] bounce: pool size: 64 pages
[    5.308145] Block layer SCSI generic (bsg) driver version 0.4 loaded (major 249)
[    5.339479] io scheduler noop registered
[    5.341869] io scheduler deadline registered (default)
[    5.362646] io scheduler cfq registered
[    5.364796] pci_hotplug: PCI Hot Plug PCI Core version: 0.5
[    5.367110] pciehp: PCI Express Hot Plug Controller Driver version: 0.4
[    5.369977] ACPI: AC Adapter [AC] (on-line)
[    5.372142] input: Power Button as /devices/LNXSYSTM:00/LNXPWRBN:00/input/input0
[    5.376266] ACPI: Power Button [PWRF]
[    5.378521] input: Sleep Button as /devices/LNXSYSTM:00/LNXSLPBN:00/input/input1
[    5.382717] ACPI: Sleep Button [SLPF]
[    5.385545] GHES: HEST is not enabled!
[    5.387602] ACPI: Battery Slot [BAT0] (battery present)
[    5.390720] isapnp: Scanning for PnP cards...
[    5.393332] Serial: 8250/16550 driver, 32 ports, IRQ sharing enabled
[    5.423799] 00:02: ttyS0 at I/O 0x3f8 (irq = 4, base_baud = 115200) is a 16550A
[    5.434742] Linux agpgart interface v0.103
[    5.440159] loop: module loaded
[    5.443313] scsi host0: ata_piix
[    5.445527] scsi host1: ata_piix
[    5.447599] ata1: PATA max UDMA/33 cmd 0x1f0 ctl 0x3f6 bmdma 0xd000 irq 14
[    5.450906] ata2: PATA max UDMA/33 cmd 0x170 ctl 0x376 bmdma 0xd008 irq 15
[    5.454883] libphy: Fixed MDIO Bus: probed
[    5.457495] tun: Universal TUN/TAP device driver, 1.6
[    5.460083] tun: (C) 1999-2004 Max Krasnyansky <maxk@qualcomm.com>
[    5.463245] PPP generic driver version 2.4.2
[    5.465873] ehci_hcd: USB 2.0 'Enhanced' Host Controller (EHCI) Driver
[    5.469129] ehci-pci: EHCI PCI platform driver
[    5.471594] ehci-platform: EHCI generic platform driver
[    5.474324] ohci_hcd: USB 1.1 'Open' Host Controller (OHCI) Driver
[    5.477363] ohci-pci: OHCI PCI platform driver
[    5.479785] ohci-platform: OHCI generic platform driver
[    5.482452] uhci_hcd: USB Universal Host Controller Interface driver
[    5.485862] i8042: PNP: PS/2 Controller [PNP0303:PS2K,PNP0f03:PS2M] at 0x60,0x64 irq 1,12
[    5.492304] serio: i8042 KBD port at 0x60,0x64 irq 1
[    5.494853] serio: i8042 AUX port at 0x60,0x64 irq 12
[    5.497854] mousedev: PS/2 mouse device common for all mice
[    5.501301] input: AT Translated Set 2 keyboard as /devices/platform/i8042/serio0/input/input2
[    5.506543] rtc_cmos rtc_cmos: rtc core: registered rtc_cmos as rtc0
[    5.509806] rtc_cmos rtc_cmos: alarms up to one day, 114 bytes nvram
[    5.513639] i2c /dev entries driver
[    5.515848] device-mapper: uevent: version 1.0.3
[    5.518441] device-mapper: ioctl: 4.34.0-ioctl (2015-10-28) initialised: dm-devel@redhat.com
[    5.523014] platform eisa.0: Probing EISA bus 0
[    5.525437] platform eisa.0: EISA: Cannot allocate resource for mainboard
[    5.528668] platform eisa.0: Cannot allocate resource for EISA slot 1
[    5.531857] platform eisa.0: Cannot allocate resource for EISA slot 2
[    5.535084] platform eisa.0: Cannot allocate resource for EISA slot 3
[    5.538216] platform eisa.0: Cannot allocate resource for EISA slot 4
[    5.541383] platform eisa.0: Cannot allocate resource for EISA slot 5
[    5.544536] platform eisa.0: Cannot allocate resource for EISA slot 6
[    5.547619] platform eisa.0: Cannot allocate resource for EISA slot 7
[    5.550764] platform eisa.0: Cannot allocate resource for EISA slot 8
[    5.553921] platform eisa.0: EISA: Detected 0 cards
[    5.556535] cpufreq-nforce2: No nForce2 chipset.
[    5.558987] ledtrig-cpu: registered to indicate activity on CPUs
[    5.562533] NET: Registered protocol family 10
[    5.565437] NET: Registered protocol family 17
[    5.567863] Key type dns_resolver registered
[    5.570550] microcode: CPU0 sig=0x1067a, pf=0x40, revision=0x60b
[    5.573617] microcode: CPU1 sig=0x1067a, pf=0x40, revision=0x60b
[    5.599828] microcode: Microcode Update Driver: v2.01 <tigran@aivazian.fsnet.co.uk>, Peter Oruba
[    5.604521] Using IPI No-Shortcut mode
[    5.606898] registered taskstats version 1
[    5.609385] Loading compiled-in X.509 certificates
[    5.615762] Loaded X.509 cert 'Build time autogenerated kernel key: 61680777b0781d919fde26ef1e45786ce4ad0574'
[    5.620900] zswap: loaded using pool lzo/zbud
[    5.635710] Key type trusted registered
[    5.664318] Key type encrypted registered
[    5.666629] AppArmor: AppArmor sha1 policy hashing enabled
[    5.669448] ima: No TPM chip found, activating TPM-bypass!
[    5.672313] evm: HMAC attrs: 0x1
[    5.674734]   Magic number: 2:750:358
[    5.677057] rtc_cmos rtc_cmos: setting system clock to 2018-01-10 02:22:56 UTC (1515550976)
[    5.681703] BIOS EDD facility v0.16 2004-Jun-25, 0 devices found
[    5.684681] EDD information not available.
[    5.784311] isapnp: No Plug & Play device found
[    5.793000] Freeing unused kernel memory: 940K
[    5.802257] Write protecting the kernel text: 7972k
[    5.807423] Write protecting the kernel read-only data: 3172k
[    5.809752] NX-protecting the kernel data: 6364k
Loading, please wait...
starting version 229
[    6.027462] random: systemd-udevd: uninitialized urandom read (16 bytes read, 1 bits of entropy available)
[    6.033378] random: systemd-udevd: uninitialized urandom read (16 bytes read, 1 bits of entropy available)
[    6.039016] random: systemd-udevd: uninitialized urandom read (16 bytes read, 1 bits of entropy available)
[    6.044543] random: udevadm: uninitialized urandom read (16 bytes read, 1 bits of entropy available)
[    6.250414] random: udevadm: uninitialized urandom read (16 bytes read, 1 bits of entropy available)
[    6.316317] random: udevadm: uninitialized urandom read (16 bytes read, 1 bits of entropy available)
[    6.322172] random: udevadm: uninitialized urandom read (16 bytes read, 1 bits of entropy available)
[    6.327767] random: udevadm: uninitialized urandom read (16 bytes read, 1 bits of entropy available)
[    6.332297] random: udevadm: uninitialized urandom read (16 bytes read, 1 bits of entropy available)
[    6.336691] random: udevadm: uninitialized urandom read (16 bytes read, 1 bits of entropy available)
[    6.552040] e1000: Intel(R) PRO/1000 Network Driver - version 7.3.21-k8-NAPI
[    6.561852] e1000: Copyright (c) 1999-2006 Intel Corporation.
[    6.596023] Fusion MPT base driver 3.04.20
[    6.598745] Copyright (c) 1999-2008 LSI Corporation
[    6.767021] Fusion MPT SPI Host driver 3.04.20
[    6.848356] input: ImExPS/2 Generic Explorer Mouse as /devices/platform/i8042/serio1/input/input4
[    7.186792] e1000 0000:00:03.0 eth0: (PCI:33MHz:32-bit) 02:57:70:43:80:c6
[    7.197835] e1000 0000:00:03.0 eth0: Intel(R) PRO/1000 Network Connection
[    7.203144] clocksource: tsc: mask: 0xffffffffffffffff max_cycles: 0x2214b99ce89, max_idle_ns: 440795305250 ns
[    7.215445] mptbase: ioc0: Initiating bringup
[    7.284441] ioc0: LSI53C1030 A0: Capabilities={Initiator}
[    7.462446] scsi host2: ioc0: LSI53C1030 A0, FwRev=00000000h, Ports=1, MaxQ=256, IRQ=20
[    7.605621] scsi 2:0:0:0: Direct-Access     VBOX     HARDDISK         1.0  PQ: 0 ANSI: 5
[    7.627411] scsi target2:0:0: Beginning Domain Validation
[    7.645300] scsi target2:0:0: Domain Validation skipping write tests
[    7.650085] scsi target2:0:0: Ending Domain Validation
[    7.653101] scsi target2:0:0: asynchronous
[    7.659623] scsi 2:0:1:0: Direct-Access     VBOX     HARDDISK         1.0  PQ: 0 ANSI: 5
[    7.664119] scsi target2:0:1: Beginning Domain Validation
[    7.668884] scsi target2:0:1: Domain Validation skipping write tests
[    7.672074] scsi target2:0:1: Ending Domain Validation
[    7.674884] scsi target2:0:1: asynchronous
[    7.693674] sd 2:0:0:0: Attached scsi generic sg0 type 0
[    7.727146] sd 2:0:0:0: [sda] 20971520 512-byte logical blocks: (10.7 GB/10.0 GiB)
[    7.731889] sd 2:0:0:0: [sda] Write Protect is off
[    7.735582] sd 2:0:1:0: Attached scsi generic sg1 type 0
[    7.738510] sd 2:0:0:0: [sda] Incomplete mode parameter data
[    7.741548] sd 2:0:0:0: [sda] Assuming drive cache: write through
[    7.745088] sd 2:0:1:0: [sdb] 20480 512-byte logical blocks: (10.5 MB/10.0 MiB)
[    7.749887] sd 2:0:1:0: [sdb] Write Protect is off
[    7.752950] sd 2:0:1:0: [sdb] Incomplete mode parameter data
[    7.755841] sd 2:0:1:0: [sdb] Assuming drive cache: write through
[    7.771775]  sda: sda1
[    7.780197] sd 2:0:0:0: [sda] Attached SCSI disk
[    7.791714] sd 2:0:1:0: [sdb] Attached SCSI disk
[    8.102573] e1000 0000:00:08.0 eth1: (PCI:33MHz:32-bit) 08:00:27:e1:cf:a9
[    8.114183] e1000 0000:00:08.0 eth1: Intel(R) PRO/1000 Network Connection
[    8.125586] e1000 0000:00:03.0 enp0s3: renamed from eth0
[    8.145455] e1000 0000:00:08.0 enp0s8: renamed from eth1
[    9.720413] floppy0: no floppy controllers found
[    9.725187] work still pending
Begin: Loading essential drivers ... [   12.232733] md: linear personality registered for level -1
[   12.272285] md: multipath personality registered for level -4
[   12.322097] md: raid0 personality registered for level 0
[   12.354641] md: raid1 personality registered for level 1
[   12.495561] raid6: mmxx1    gen()  2469 MB/s
[   12.563472] raid6: mmxx2    gen()  2967 MB/s
[   12.645907] raid6: sse1x1   gen()  2202 MB/s
[   12.711497] raid6: sse1x2   gen()  2409 MB/s
[   12.783735] raid6: sse2x1   gen()  3353 MB/s
[   12.855634] raid6: sse2x1   xor()  3993 MB/s
[   12.923485] raid6: sse2x2   gen()  3992 MB/s
[   13.027811] raid6: sse2x2   xor()  4795 MB/s
[   13.040214] raid6: using algorithm sse2x2 gen() 3992 MB/s
[   13.042427] raid6: .... xor() 4795 MB/s, rmw enabled
[   13.045815] raid6: using ssse3x1 recovery algorithm
[   13.086731] xor: measuring software checksum speed
[   13.180175]    pIII_sse  :  9517.000 MB/sec
[   13.260175]    prefetch64-sse: 10816.000 MB/sec
[   13.315564] xor: using function: prefetch64-sse (10816.000 MB/sec)
[   13.339854] async_tx: api initialized (async)
[   13.525274] md: raid6 personality registered for level 6
[   13.528522] md: raid5 personality registered for level 5
[   13.531330] md: raid4 personality registered for level 4
[   13.631760] md: raid10 personality registered for level 10
done.
Begin: Running /scripts/init-premount ... done.
Begin: Mounting root file system ... Begin: Running /scripts/local-top ... done.
Begin: Running /scripts/local-premount ... [   13.864056] Btrfs loaded
Scanning for Btrfs filesystems
done.
Warning: fsck not present, so skipping root file system
[   14.299976] EXT4-fs (sda1): mounted filesystem with ordered data mode. Opts: (null)
done.
Begin: Running /scripts/local-bottom ... done.
Begin: Running /scripts/init-bottom ... done.
[   15.044290] random: nonblocking pool is initialized
[   15.564410] systemd[1]: systemd 229 running in system mode. (+PAM +AUDIT +SELINUX +IMA +APPARMOR +SMACK +SYSVINIT +UTMP +LIBCRYPTSETUP +GCRYPT +GNUTLS +ACL +XZ -LZ4 +SECCOMP +BLKID +ELFUTILS +KMOD -IDN)
[   15.583279] systemd[1]: Detected virtualization oracle.
[   15.586866] systemd[1]: Detected architecture x86.

Welcome to [1mUbuntu 16.04.3 LTS[0m!

[   15.727206] systemd[1]: Set hostname to <ubuntu-xenial>.
[   17.095998] systemd[1]: Reached target Encrypted Volumes.
[[0;32m  OK  [0m] Reached target Encrypted Volumes.
[   17.101544] systemd[1]: Listening on udev Control Socket.
[[0;32m  OK  [0m] Listening on udev Control Socket.
[   17.106278] systemd[1]: Listening on Syslog Socket.
[[0;32m  OK  [0m] Listening on Syslog Socket.
[   17.110696] systemd[1]: Reached target User and Group Name Lookups.
[[0;32m  OK  [0m] Reached target User and Group Name Lookups.
[   17.117333] systemd[1]: Listening on Device-mapper event daemon FIFOs.
[[0;32m  OK  [0m] Listening on Device-mapper event daemon FIFOs.
[   17.125192] systemd[1]: Listening on udev Kernel Socket.
[[0;32m  OK  [0m] Listening on udev Kernel Socket.
[   17.198419] systemd[1]: Started Forward Password Requests to Wall Directory Watch.
[[0;32m  OK  [0m] Started Forward Password Requests to Wall Directory Watch.
[   17.206442] systemd[1]: Set up automount Arbitrary Executable File Formats File System Automount Point.
[[0;32m  OK  [0m] Set up automount Arbitrary Executab...ats File System Automount Point.
[   17.215792] systemd[1]: Listening on LVM2 metadata daemon socket.
[[0;32m  OK  [0m] Listening on LVM2 metadata daemon socket.
[   17.221141] systemd[1]: Listening on Journal Socket.
[[0;32m  OK  [0m] Listening on Journal Socket.
[   17.226450] systemd[1]: Listening on /dev/initctl Compatibility Named Pipe.
[[0;32m  OK  [0m] Listening on /dev/initctl Compatibility Named Pipe.
[   17.236533] systemd[1]: Listening on Journal Socket (/dev/log).
[[0;32m  OK  [0m] Listening on Journal Socket (/dev/log).
[   17.241509] systemd[1]: Reached target Swap.
[[0;32m  OK  [0m] Reached target Swap.
[   17.246233] systemd[1]: Created slice User and Session Slice.
[[0;32m  OK  [0m] Created slice User and Session Slice.
[   17.251917] systemd[1]: Created slice System Slice.
[[0;32m  OK  [0m] Created slice System Slice.
[   17.279992] systemd[1]: Mounting Huge Pages File System...
         Mounting Huge Pages File System...
[   17.296104] systemd[1]: Starting Set console keymap...
         Starting Set console keymap...
[   17.309731] systemd[1]: Starting Remount Root and Kernel File Systems...
         Starting Remount Root and Kernel File Systems...
[   17.397197] systemd[1]: Starting Create list of required static device nodes for the current kernel...
         Starting Create list of required st... nodes for the current kernel...
[   17.499173] systemd[1]: Starting Load Kernel Modules...
         Starting Load Kernel Modules...
[   17.559115] EXT4-fs (sda1): re-mounted. Opts: (null)
[   17.592918] systemd[1]: Starting Uncomplicated firewall...
         Starting Uncomplicated firewall...
[   17.639987] systemd[1]: Starting Nameserver information manager...
         Starting Nameserver information manager...
[   17.692015] Loading iSCSI transport class v2.0-870.
[   17.721454] systemd[1]: Starting Monitoring of LVM2 mirrors, snapshots etc. using dmeventd or progress polling...
         Starting Monitoring of LVM2 mirrors... dmeventd or progress polling...
[   17.868488] systemd[1]: Mounting POSIX Message Queue File System...
         Mounting POSIX M[   17.899223] iscsi: registered transport (tcp)
essage Queue File System...
[   17.976984] systemd[1]: Mounting Debug File System...
         Mounting Debug File System...
[   18.046828] systemd[1]: Created slice system-serial\x2dgetty.slice.
[[0;32m  OK  [0m] Created slice system-serial\x2dgetty.slice.
[   18.096249] iscsi: registered transport (iser)
[   18.112687] systemd[1]: Started Trigger resolvconf update for networkd DNS.
[[0;32m  OK  [0m] Started Trigger resolvconf update for networkd DNS.
[   18.136953] systemd[1]: Reached target Slices.
[[0;32m  OK  [0m] Reached target Slices.
[   18.141489] systemd[1]: Listening on Journal Audit Socket.
[[0;32m  OK  [0m] Listening on Journal Audit Socket.
[   18.194580] systemd[1]: Starting Journal Service...
         Starting Journal Service...
[   18.201467] systemd[1]: Listening on LVM2 poll daemon socket.
[[0;32m  OK  [0m] Listening on LVM2 poll daemon socket.
[   18.214092] systemd[1]: Mounted Debug File System.
[[0;32m  OK  [0m] Mounted Debug File System.
[   18.230544] systemd[1]: Mounted POSIX Message Queue File System.
[[0;32m  OK  [0m] Mounted POSIX Message Queue File System.
[   18.238474] systemd[1]: Mounted Huge Pages File System.
[[0;32m  OK  [0m] Mounted Huge Pages File System.
[   18.246756] systemd[1]: Started Set console keymap.
[[0;32m  OK  [0m] Started Set console keymap.
[   18.261446] systemd[1]: Started Remount Root and Kernel File Systems.
[[0;32m  OK  [0m] Started Remount Root and Kernel File Systems.
[   18.268396] systemd[1]: Started Create list of required static device nodes for the current kernel.
[[0;32m  OK  [0m] Started Create list of required sta...ce nodes for the current kernel.
[   18.294489] systemd[1]: Started Load Kernel Modules.
[[0;32m  OK  [0m] Started Load Kernel Modules.
[   18.301470] systemd[1]: Started Uncomplicated firewall.
[[0;32m  OK  [0m] Started Uncomplicated firewall.
[   18.369772] systemd[1]: Started Nameserver information manager.
[[0;32m  OK  [0m] Started Nameserver information manager.
[   18.455831] systemd[1]: Started Journal Service.
[[0;32m  OK  [0m] Started Journal Service.
[[0;32m  OK  [0m] Started LVM2 metadata daemon.
         Starting Apply Kernel Variables...
         Mounting FUSE Control File System...
         Starting Create Static Device Nodes in /dev...
         Starting udev Coldplug all Devices...
         Starting Initial cloud-init job (pre-networking)...
         Starting Flush Journal to Persistent Storage...
         Starting Load/Save Random Seed...
[[0;32m  OK  [0m] Mounted FUSE Control File System.
[[0;32m  OK  [0m] Started Apply Kernel Variables.
[[0;32m  OK  [0m] Started Flush Journal to Persistent Storage.
[[0;32m  OK  [0m] Started Load/Save Random Seed.
[[0;32m  OK  [0m] Started udev Coldplug all Devices.
[[0;32m  OK  [0m] Started Create Static Device Nodes in /dev.
         Starting udev Kernel Device Manager...
[[0;32m  OK  [0m] Started Monitoring of LVM2 mirrors,...ng dmeventd or progress polling.
[[0;32m  OK  [0m] Started udev Kernel Device Manager.
[[0;32m  OK  [0m] Started Dispatch Password Requests to Console Directory Watch.
[[0;32m  OK  [0m] Reached target Local File Systems (Pre).
[[0;32m  OK  [0m] Reached target Local File Systems.
         Starting Create Volatile Files and Directories...
         Starting Tell Plymouth To Write Out Runtime Data...
         Starting Set console font and keymap...
         Starting LSB: AppArmor initialization...
[[0;32m  OK  [0m] Started Create Volatile Files and Directories.
         Starting Update UTMP about System Boot/Shutdown...
[[0;32m  OK  [0m] Reached target System Time Synchronized.
[[0;32m  OK  [0m] Started Tell Plymouth To Write Out Runtime Data.
[[0;32m  OK  [0m] Started Update UTMP about System Boot/Shutdown.
[[0;32m  OK  [0m] Found device /dev/ttyS0.
[[0;32m  OK  [0m] Listening on Load/Save RF Kill Switch Status /dev/rfkill Watch.
[[0;32m  OK  [0m] Started Set console font and keymap.
[[0;32m  OK  [0m] Created slice system-getty.slice.
[[0;32m  OK  [0m] Started LSB: AppArmor initialization.
[[0;32m  OK  [0m] Found device 82540EM Gigabit Ethern...r (PRO/1000 MT Desktop Adapter).
[[0;32m  OK  [0m] Found device 82540EM Gigabit Ethern...r (PRO/1000 MT Desktop Adapter).
[   26.723472] cloud-init[443]: Cloud-init v. 17.1 running 'init-local' at Wed, 10 Jan 2018 02:23:17 +0000. Up 25.30 seconds.
[[0;32m  OK  [0m] Started Initial cloud-init job (pre-networking).
[[0;32m  OK  [0m] Reached target Network (Pre).
[[0;32m  OK  [0m] Started ifup for enp0s8.
[[0;32m  OK  [0m] Started ifup for enp0s3.
         Starting Raise network interfaces...
[[0;32m  OK  [0m] Started Raise network interfaces.
[[0;32m  OK  [0m] Reached target Network.
         Starting Initial cloud-init job (metadata service crawler)...
[   32.694363] cloud-init[1069]: Cloud-init v. 17.1 running 'init' at Wed, 10 Jan 2018 02:23:22 +0000. Up 30.24 seconds.
[   32.753272] cloud-init[1069]: ci-info: ++++++++++++++++++++++++++++++++++++++Net device info++++++++++++++++++++++++++++++++++++++
[   32.758926] cloud-init[1069]: ci-info: +--------+------+-----------------------------+---------------+-------+-------------------+
[   32.764773] cloud-init[1069]: ci-info: | Device |  Up  |           Address           |      Mask     | Scope |     Hw-Address    |
[   32.770839] cloud-init[1069]: ci-info: +--------+------+-----------------------------+---------------+-------+-------------------+
[   32.777407] cloud-init[1069]: ci-info: | enp0s3 | True |          10.0.2.15          | 255.255.255.0 |   .   | 02:57:70:43:80:c6 |
[   32.810919] cloud-init[1069]: ci-info: | enp0s3 | True |  fe80::57:70ff:fe43:80c6/64 |       .       |  link | 02:57:70:43:80:c6 |
[   32.826890] cloud-init[1069]: ci-info: | enp0s8 | True |       192.168.195.146       | 255.255.255.0 |   .   | 08:00:27:e1:cf:a9 |
[   32.840769] cloud-init[1069]: ci-info: | enp0s8 | True | fe80::a00:27ff:fee1:cfa9/64 |       .       |  link | 08:00:27:e1:cf:a9 |
[   32.846332] cloud-init[1069]: ci-info: |   lo   | True |          127.0.0.1          |   255.0.0.0   |   .   |         .         |
[   32.852298] cloud-init[1069]: ci-info: |   lo   | True |           ::1/128           |       .       |  host |         .         |
[   32.857716] cloud-init[1069]: ci-info: +--------+------+-----------------------------+---------------+-------+-------------------+
[   32.867064] cloud-init[1069]: ci-info: ++++++++++++++++++++++++++++Route IPv4 info+++++++++++++++++++++++++++++
[   32.893795] cloud-init[1069]: ci-info: +-------+---------------+----------+---------------+-----------+-------+
[   32.913378] cloud-init[1069]: ci-info: | Route |  Destination  | Gateway  |    Genmask    | Interface | Flags |
[   32.926422] cloud-init[1069]: ci-info: +-------+---------------+----------+---------------+-----------+-------+
[   32.931073] cloud-init[1069]: ci-info: |   0   |    0.0.0.0    | 10.0.2.2 |    0.0.0.0    |   enp0s3  |   UG  |
[[0;32m  OK  [0m] Started Initial cloud-init job (metadata service crawler).
[   32.944004] cloud-init[1069]: ci-info: |   1   |    10.0.2.0   | 0.0.0.0  | 255.255.255.0 |   enp0s3  |   U   |
[   32.949651] [[0;32m  OK  [0m] Reached target System Initialization.
cloud-init[1069]: ci-info: |   2   | 192.168.195.0 | 0.0.0.0  | 255.255.255.0 |   enp0s8  |   U   |
[   32.962706] cloud-init[1069]: ci-info: +-------+---------------+----------+---------------+-----------+-------+
[[0;32m  OK  [0m] Started ACPI Events Check.
[[0;32m  OK  [0m] Reached target Paths.
         Starting Socket activation for snappy daemon.
[[0;32m  OK  [0m] Started Timer to automatically refresh installed snaps.
[[0;32m  OK  [0m] Listening on D-Bus System Message Bus Socket.
         Starting LXD - unix socket.
[[0;32m  OK  [0m] Listening on UUID daemon activation socket.
[[0;32m  OK  [0m] Listening on ACPID Listen Socket.
[[0;32m  OK  [0m] Started Daily Cleanup of Temporary Directories.
[[0;32m  OK  [0m] Reached target Network is Online.
         Starting iSCSI initiator daemon (iscsid)...
[[0;32m  OK  [0m] Started Daily apt download activities.
[[0;32m  OK  [0m] Started Daily apt upgrade and clean activities.
[[0;32m  OK  [0m] Reached target Timers.
[[0;32m  OK  [0m] Reached target Cloud-config availability.
[[0;32m  OK  [0m] Listening on Socket activation for snappy daemon.
[[0;32m  OK  [0m] Listening on LXD - unix socket.
[[0;32m  OK  [0m] Reached target Sockets.
[[0;32m  OK  [0m] Reached target Basic System.
         Starting A high performance web server and a reverse proxy server...
         Starting Apply the settings specified in cloud-config...
         Starting The PHP 7.0 FastCGI Process Manager...
         Starting System Logging Service...
[[0;32m  OK  [0m] Started D-Bus System Message Bus.
         Starting LXD - container startup/shutdown...
[[0;32m  OK  [0m] Started FUSE filesystem for LXC.
         Starting LSB: MD monitoring daemon...
         Starting OpenBSD Secure Shell server...
         Starting Login Service...
[[0;32m  OK  [0m] Started Deferred execution scheduler.
[[0;32m  OK  [0m] Started Regular background program processing daemon.
         Starting /etc/rc.local Compatibility...
[[0;32m  OK  [0m] Started Unattended Upgrades Shutdown.
         Starting MySQL Community Server...
         Starting LSB: Record successful boot for GRUB...
[[0;32m  OK  [0m] Started ACPI event daemon.
         Starting Accounts Service...
         Starting Snappy daemon...
[[0;32m  OK  [0m] Started System Logging Service.
[[0;32m  OK  [0m] Started /etc/rc.local Compatibility.
[[0;32m  OK  [0m] Started Login Service.
[[0;32m  OK  [0m] Started iSCSI initiator daemon (iscsid).
         Starting Login to default iSCSI targets...
[[0;32m  OK  [0m] Started LSB: Record successful boot for GRUB.
[[0;32m  OK  [0m] Started OpenBSD Secure Shell server.
[[0;32m  OK  [0m] Started LSB: MD monitoring daemon.
[   36.941617] cloud-init[1124]: Cloud-init v. 17.1 running 'modules:config' at Wed, 10 Jan 2018 02:23:26 +0000. Up 34.89 seconds.
[[0;32m  OK  [0m] Started Login to default iSCSI targets.
[[0;32m  OK  [0m] Reached target Remote File Systems (Pre).
[[0;32m  OK  [0m] Reached target Remote File Systems.
         Starting LSB: daemon to balance interrupts for SMP systems...
         Starting LSB: automatic crash report generation...
         Starting LSB: Set the CPU Frequency Scaling governor to "ondemand"...
         Starting Permit User Sessions...
         Starting LSB: VirtualBox Linux Additions...
[[0;32m  OK  [0m] Started Permit User Sessions.
         Starting Hold until boot process finishes up...
         Starting Terminate Plymouth Boot Screen...
[[0;32m  OK  [0m] Started Apply the settings specified in cloud-config.
[[0;32m  OK  [0m] Started Hold until boot process finishes up.
[[0;32m  OK  [0m] Started Terminate Plymouth Boot Screen.
[[0;32m  OK  [0m] Started A high performance web server and a reverse proxy server.
         Starting Set console scheme...
[[0;32m  OK  [0m] Started Serial Getty on ttyS0.
[[0;32m  OK  [0m] Started Getty on tty1.
[[0;32m  OK  [0m] Reached target Login Prompts.
[[0;32m  OK  [0m] Started LSB: Set the CPU Frequency Scaling governor to "ondemand".
[[0;32m  OK  [0m] Started Set console scheme.
         Starting Authenticate and Authorize Users to Run Privileged Tasks...
[[0;32m  OK  [0m] Started LSB: daemon to balance interrupts for SMP systems.
[[0;32m  OK  [0m] Started LSB: automatic crash report generation.
[[0;32m  OK  [0m] Started LXD - container startup/shutdown.
[[0;32m  OK  [0m] Started Authenticate and Authorize Users to Run Privileged Tasks.
[[0;32m  OK  [0m] Started Accounts Service.
[[0;32m  OK  [0m] Started LSB: VirtualBox Linux Additions.
[[0;32m  OK  [0m] Created slice User Slice of ubuntu.
         Starting User Manager for UID 1000...
[[0;32m  OK  [0m] Started Session 1 of user ubuntu.
[[0;32m  OK  [0m] Started Snappy daemon.
[[0;32m  OK  [0m] Started User Manager for UID 1000.

Ubuntu 16.04.3 LTS ubuntu-xenial ttyS0

ubuntu-xenial login: [   49.238573] cloud-init[1505]: Cloud-init v. 17.1 running 'modules:final' at Wed, 10 Jan 2018 02:23:40 +0000. Up 48.49 seconds.
[   49.245718] cloud-init[1505]: Cloud-init v. 17.1 finished at Wed, 10 Jan 2018 02:23:41 +0000. Datasource DataSourceNoCloud [seed=/dev/sdb][dsmode=net].  Up 49.22 seconds
